{"numTotalTestSuites":2,"numPassedTestSuites":0,"numFailedTestSuites":2,"numPendingTestSuites":0,"numTotalTests":2,"numPassedTests":1,"numFailedTests":1,"numPendingTests":0,"numTodoTests":0,"snapshot":{"added":0,"failure":false,"filesAdded":0,"filesRemoved":0,"filesRemovedList":[],"filesUnmatched":0,"filesUpdated":0,"matched":0,"total":0,"unchecked":0,"uncheckedKeysByFile":[],"unmatched":0,"updated":0,"didUpdate":false},"startTime":1773526883360,"success":false,"testResults":[{"assertionResults":[{"ancestorTitles":["DashboardAML Component"],"fullName":"DashboardAML Component Test 1: Verify that an input form exists containing a text field to enter a \"company name\" and a submit button","status":"passed","title":"Test 1: Verify that an input form exists containing a text field to enter a \"company name\" and a submit button","duration":566.489,"failureMessages":[],"meta":{},"tags":[]},{"ancestorTitles":["DashboardAML Component"],"fullName":"DashboardAML Component Test 2: Simulate submitting the form with mock data and verify UI eventually displays AML Risk Score and Explanation","status":"failed","title":"Test 2: Simulate submitting the form with mock data and verify UI eventually displays AML Risk Score and Explanation","duration":1305.0174000000002,"failureMessages":["Error: Found multiple elements with the text: /AML Risk Score/i\n\nHere are the matching elements:\n\nIgnored nodes: comments, script, style\n\u001b[36m<h3\u001b[39m\n  \u001b[33mstyle\u001b[39m=\u001b[32m\"margin: 0px 0px 6px; font-size: 11px; font-weight: 700; color: rgb(156, 163, 175); text-transform: uppercase; letter-spacing: 0.1em;\"\u001b[39m\n\u001b[36m>\u001b[39m\n  \u001b[0mAML Risk Score\u001b[0m\n\u001b[36m</h3>\u001b[39m\n\nIgnored nodes: comments, script, style\n\u001b[36m<h3\u001b[39m\n  \u001b[33mclass\u001b[39m=\u001b[32m\"text-xs font-bold text-gray-500 uppercase tracking-wider mb-2 flex items-center\"\u001b[39m\n\u001b[36m>\u001b[39m\n  \u001b[36m<svg\u001b[39m\n    \u001b[33mclass\u001b[39m=\u001b[32m\"w-4 h-4 mr-1.5\"\u001b[39m\n    \u001b[33mfill\u001b[39m=\u001b[32m\"none\"\u001b[39m\n    \u001b[33mstroke\u001b[39m=\u001b[32m\"currentColor\"\u001b[39m\n    \u001b[33mviewBox\u001b[39m=\u001b[32m\"0 0 24 24\"\u001b[39m\n    \u001b[33mxmlns\u001b[39m=\u001b[32m\"http://www.w3.org/2000/svg\"\u001b[39m\n  \u001b[36m>\u001b[39m\n    \u001b[36m<path\u001b[39m\n      \u001b[33md\u001b[39m=\u001b[32m\"M9 12l2 2 4-4m5.618-4.016A11.955 11.955 0 0112 2.944a11.955 11.955 0 01-8.618 3.04A12.02 12.02 0 003 9c0 5.591 3.824 10.29 9 11.622 5.176-1.332 9-6.03 9-11.622 0-1.042-.133-2.052-.382-3.016z\"\u001b[39m\n      \u001b[33mstroke-linecap\u001b[39m=\u001b[32m\"round\"\u001b[39m\n      \u001b[33mstroke-linejoin\u001b[39m=\u001b[32m\"round\"\u001b[39m\n      \u001b[33mstroke-width\u001b[39m=\u001b[32m\"2\"\u001b[39m\n    \u001b[36m/>\u001b[39m\n  \u001b[36m</svg>\u001b[39m\n  \u001b[0mAML Risk Score\u001b[0m\n\u001b[36m</h3>\u001b[39m\n\n(If this is intentional, then use the `*AllBy*` variant of the query (like `queryAllByText`, `getAllByText`, or `findAllByText`)).\n\nIgnored nodes: comments, script, style\n\u001b[36m<body>\u001b[39m\n  \u001b[36m<div>\u001b[39m\n    \u001b[36m<div\u001b[39m\n      \u001b[33mstyle\u001b[39m=\u001b[32m\"display: flex; flex-direction: column; height: 100%;\"\u001b[39m\n    \u001b[36m>\u001b[39m\n      \u001b[36m<header\u001b[39m\n        \u001b[33mstyle\u001b[39m=\u001b[32m\"background: rgb(255, 255, 255); border-bottom: 1px solid rgb(228, 233, 242); padding: 0px 24px; display: flex; align-items: center; gap: 16px; height: 64px; flex-shrink: 0;\"\u001b[39m\n      \u001b[36m>\u001b[39m\n        \u001b[36m<div\u001b[39m\n          \u001b[33mstyle\u001b[39m=\u001b[32m\"flex: 1 1 0%;\"\u001b[39m\n        \u001b[36m>\u001b[39m\n          \u001b[36m<h1\u001b[39m\n            \u001b[33mstyle\u001b[39m=\u001b[32m\"margin: 0px; font-size: 18px; font-weight: 700; color: rgb(15, 17, 23); line-height: 1.2;\"\u001b[39m\n          \u001b[36m>\u001b[39m\n            \u001b[0mCDD & OSINT Investigation\u001b[0m\n          \u001b[36m</h1>\u001b[39m\n        \u001b[36m</div>\u001b[39m\n        \u001b[36m<div\u001b[39m\n          \u001b[33mstyle\u001b[39m=\u001b[32m\"display: flex; align-items: center; gap: 12px;\"\u001b[39m\n        \u001b[36m>\u001b[39m\n          \u001b[36m<div\u001b[39m\n            \u001b[33mstyle\u001b[39m=\u001b[32m\"font-size: 11px; color: rgb(107, 114, 128);\"\u001b[39m\n          \u001b[36m>\u001b[39m\n            \u001b[0mEntity:\u001b[0m\n          \u001b[36m</div>\u001b[39m\n          \u001b[36m<div\u001b[39m\n            \u001b[33mstyle\u001b[39m=\u001b[32m\"background: rgb(239, 246, 255); border: 1px solid rgb(191, 219, 254); border-radius: 6px; padding: 4px 10px; color: rgb(29, 78, 216); font-size: 11px; font-weight: 700; letter-spacing: 0.05em;\"\u001b[39m\n          \u001b[36m>\u001b[39m\n            \u001b[0mTEST COMPANY LLC\u001b[0m\n          \u001b[36m</div>\u001b[39m\n        \u001b[36m</div>\u001b[39m\n        \u001b[36m<div\u001b[39m\n          \u001b[33mstyle\u001b[39m=\u001b[32m\"display: flex; align-items: center; gap: 6px; background: rgb(240, 253, 244); border: 1px solid rgb(187, 247, 208); border-radius: 20px; padding: 5px 12px; color: rgb(22, 163, 74); font-size: 11px; font-weight: 700;\"\u001b[39m\n        \u001b[36m>\u001b[39m\n          \u001b[36m<span\u001b[39m\n            \u001b[33mstyle\u001b[39m=\u001b[32m\"width: 8px; height: 8px; border-radius: 50%; background: rgb(34, 197, 94); display: inline-block; animation: status-pulse 1.5s infinite;\"\u001b[39m\n          \u001b[36m/>\u001b[39m\n          \u001b[0mLOW RISK\u001b[0m\n        \u001b[36m</div>\u001b[39m\n        \u001b[36m<button\u001b[39m\n          \u001b[33mstyle\u001b[39m=\u001b[32m\"display: flex; align-items: center; gap: 6px; padding: 7px 14px; border-radius: 8px; border: 1px solid rgb(228, 233, 242); background: rgb(255, 255, 255); color: rgb(55, 65, 81); font-size: 12px; font-weight: 500; cursor: pointer; transition: all 0.15s ease;\"\u001b[39m\n        \u001b[36m>\u001b[39m\n          \u001b[36m<svg\u001b[39m\n            \u001b[33mfill\u001b[39m=\u001b[32m\"none\"\u001b[39m\n            \u001b[33mheight\u001b[39m=\u001b[32m\"16\"\u001b[39m\n            \u001b[33mstroke\u001b[39m=\u001b[32m\"currentColor\"\u001b[39m\n            \u001b[33mstroke-linecap\u001b[39m=\u001b[32m\"round\"\u001b[39m\n            \u001b[33mstroke-linejoin\u001b[39m=\u001b[32m\"round\"\u001b[39m\n            \u001b[33mstroke-width\u001b[39m=\u001b[32m\"2\"\u001b[39m\n            \u001b[33mviewBox\u001b[39m=\u001b[32m\"0 0 24 24\"\u001b[39m\n            \u001b[33mwidth\u001b[39m=\u001b[32m\"16\"\u001b[39m\n          \u001b[36m>\u001b[39m\n            \u001b[36m<path\u001b[39m\n              \u001b[33md\u001b[39m=\u001b[32m\"M14 2H6a2 2 0 0 0-2 2v16a2 2 0 0 0 2 2h12a2 2 0 0 0 2-2V8z\"\u001b[39m\n            \u001b[36m/>\u001b[39m\n            \u001b[36m<polyline\u001b[39m\n              \u001b[33mpoints\u001b[39m=\u001b[32m\"14,2 14,8 20,8\"\u001b[39m\n            \u001b[36m/>\u001b[39m\n            \u001b[36m<line\u001b[39m\n              \u001b[33mx1\u001b[39m=\u001b[32m\"16\"\u001b[39m\n              \u001b[33mx2\u001b[39m=\u001b[32m\"8\"\u001b[39m\n              \u001b[33my1\u001b[39m=\u001b[32m\"13\"\u001b[39m\n              \u001b[33my2\u001b[39m=\u001b[32m\"13\"\u001b[39m\n            \u001b[36m/>\u001b[39m\n            \u001b[36m<line\u001b[39m\n              \u001b[33mx1\u001b[39m=\u001b[32m\"16\"\u001b[39m\n              \u001b[33mx2\u001b[39m=\u001b[32m\"8\"\u001b[39m\n              \u001b[33my1\u001b[39m=\u001b[32m\"17\"\u001b[39m\n              \u001b[33my2\u001b[39m=\u001b[32m\"17\"\u001b[39m\n            \u001b[36m/>\u001b[39m\n            \u001b[36m<polyline\u001b[39m\n              \u001b[33mpoints\u001b[39m=\u001b[32m\"10,9 9,9 8,9\"\u001b[39m\n            \u001b[36m/>\u001b[39m\n          \u001b[36m</svg>\u001b[39m\n          \u001b[0mView Raw JSON Output\u001b[0m\n        \u001b[36m</button>\u001b[39m\n        \u001b[36m<button\u001b[39m\n          \u001b[33mstyle\u001b[39m=\u001b[32m\"display: flex; align-items: center; gap: 6px; padding: 7px 16px; border-radius: 8px; border: medium; background: linear-gradient(135deg, rgb(124, 58, 237), rgb(109, 40, 217)); color: rgb(255, 255, 255); font-size: 12px; font-weight: 600; cursor: pointer; box-shadow: 0 2px 8px rgba(124,58,237,0.35); transition: all 0.15s ease;\"\u001b[39m\n        \u001b[36m>\u001b[39m\n          \u001b[36m<svg\u001b[39m\n            \u001b[33mfill\u001b[39m=\u001b[32m\"none\"\u001b[39m\n            \u001b[33mheight\u001b[39m=\u001b[32m\"16\"\u001b[39m\n            \u001b[33mstroke\u001b[39m=\u001b[32m\"currentColor\"\u001b[39m\n            \u001b[33mstroke-linecap\u001b[39m=\u001b[32m\"round\"\u001b[39m\n            \u001b[33mstroke-linejoin\u001b[39m=\u001b[32m\"round\"\u001b[39m\n            \u001b[33mstroke-width\u001b[39m=\u001b[32m\"2.5\"\u001b[39m\n            \u001b[33mviewBox\u001b[39m=\u001b[32m\"0 0 24 24\"\u001b[39m\n            \u001b[33mwidth\u001b[39m=\u001b[32m\"16\"\u001b[39m\n          \u001b[36m>\u001b[39m\n            \u001b[36m<polyline\u001b[39m\n              \u001b[33mpoints\u001b[39m=\u001b[32m\"20 6 9 17 4 12\"\u001b[39m\n            \u001b[36m/>\u001b[39m\n          \u001b[36m</svg>\u001b[39m\n          \u001b[0mHuman-in-the-Loop Confirm\u001b[0m\n        \u001b[36m</button>\u001b[39m\n        \u001b[36m<form\u001b[39m\n          \u001b[33mstyle\u001b[39m=\u001b[32m\"display: flex; gap: 8px; align-items: center; margin-left: 8px;\"\u001b[39m\n        \u001b[36m>\u001b[39m\n          \u001b[36m<div\u001b[39m\n            \u001b[33mstyle\u001b[39m=\u001b[32m\"position: relative;\"\u001b[39m\n          \u001b[36m>\u001b[39m\n            \u001b[36m<svg\u001b[39m\n              \u001b[33mfill\u001b[39m=\u001b[32m\"none\"\u001b[39m\n              \u001b[33mheight\u001b[39m=\u001b[32m\"14\"\u001b[39m\n              \u001b[33mstroke\u001b[39m=\u001b[32m\"currentColor\"\u001b[39m\n              \u001b[33mstroke-width\u001b[39m=\u001b[32m\"2\"\u001b[39m\n              \u001b[33mstyle\u001b[39m=\u001b[32m\"position: absolute; top: 50%; left: 10px; transform: translateY(-50%); color: rgb(156, 163, 175);\"\u001b[39m\n              \u001b[33mviewBox\u001b[39m=\u001b[32m\"0 0 24 24\"\u001b[39m\n              \u001b[33mwidth\u001b[39m=\u001b[32m\"14\"\u001b[39m\n            \u001b[36m>\u001b[39m\n              \u001b[36m<circle\u001b[39m\n                \u001b[33mcx\u001b[39m=\u001b[32m\"11\"\u001b[39m\n                \u001b[33mcy\u001b[39m=\u001b[32m\"11\"\u001b[39m\n                \u001b[33mr\u001b[39m=\u001b[32m\"8\"\u001b[39m\n              \u001b[36m/>\u001b[39m\n              \u001b[36m<line\u001b[39m\n                \u001b[33mx1\u001b[39m=\u001b[32m\"21\"\u001b[39m\n                \u001b[33mx2\u001b[39m=\u001b[32m\"16.65\"\u001b[39m\n                \u001b[33my1\u001b[39m=\u001b[32m\"21\"\u001b[39m\n                \u001b[33my2\u001b[39m=\u001b[32m\"16.65\"\u001b[39m\n              \u001b[36m/>\u001b[39m\n            \u001b[36m</svg>\u001b[39m\n            \u001b[36m<input\u001b[39m\n              \u001b[33mplaceholder\u001b[39m=\u001b[32m\"Enter company name...\"\u001b[39m\n              \u001b[33mrequired\u001b[39m=\u001b[32m\"\"\u001b[39m\n              \u001b[33mstyle\u001b[39m=\u001b[32m\"padding: 7px 12px 7px 32px; border: 1px solid rgb(228, 233, 242); border-radius: 8px; font-size: 12px; color: rgb(55, 65, 81); outline: none; width: 220px; font-family: Inter, sans-serif;\"\u001b[39m\n              \u001b[33mtype\u001b[39m=\u001b[32m\"text\"\u001b[39m\n              \u001b[33mvalue\u001b[39m=\u001b[32m\"Test Company LLC\"\u001b[39m\n            \u001b[36m/>\u001b[39m\n          \u001b[36m</div>\u001b[39m\n          \u001b[36m<button\u001b[39m\n            \u001b[33mstyle\u001b[39m=\u001b[32m\"padding: 7px 16px; border-radius: 8px; border: medium; background: rgb(59, 130, 246); color: rgb(255, 255, 255); font-size: 12px; font-weight: 600; cursor: pointer; display: flex; align-items: center; gap: 6px; font-family: Inter, sans-serif; transition: background 0.15s;\"\u001b[39m\n            \u001b[33mtype\u001b[39m=\u001b[32m\"submit\"\u001b[39m\n          \u001b[36m>\u001b[39m\n            \u001b[0mSubmit\u001b[0m\n          \u001b[36m</button>\u001b[39...\n    at Proxy.waitForWrapper (C:\\Users\\User\\Documents\\GitHub\\ProiectAIDiodele\\client\\node_modules\\@testing-library\\dom\\dist\\wait-for.js:163:27)\n    at C:/Users/User/Documents/GitHub/ProiectAIDiodele/client/src/DashboardAML.test.tsx:69:11\n    at file:///C:/Users/User/Documents/GitHub/ProiectAIDiodele/client/node_modules/@vitest/runner/dist/index.js:296:11\n    at file:///C:/Users/User/Documents/GitHub/ProiectAIDiodele/client/node_modules/@vitest/runner/dist/index.js:1258:26\n    at file:///C:/Users/User/Documents/GitHub/ProiectAIDiodele/client/node_modules/@vitest/runner/dist/index.js:1681:20\n    at new Promise (<anonymous>)\n    at runWithCancel (file:///C:/Users/User/Documents/GitHub/ProiectAIDiodele/client/node_modules/@vitest/runner/dist/index.js:1678:10)\n    at file:///C:/Users/User/Documents/GitHub/ProiectAIDiodele/client/node_modules/@vitest/runner/dist/index.js:1660:20\n    at new Promise (<anonymous>)\n    at runWithTimeout (file:///C:/Users/User/Documents/GitHub/ProiectAIDiodele/client/node_modules/@vitest/runner/dist/index.js:1627:10)"],"meta":{},"tags":[]}],"startTime":1773526885444,"endTime":1773526887315.0173,"status":"failed","message":"","name":"C:/Users/User/Documents/GitHub/ProiectAIDiodele/client/src/DashboardAML.test.tsx"}]}